<?xml version="1.0" encoding="UTF-8"?>
<testsuite name="OptionsParserTest" tests="3" skipped="0" failures="0" errors="0" timestamp="2023-11-27T14:18:30" hostname="archlinux" time="0.007">
  <properties/>
  <testcase name="testConvertWithInvalidDirections()" classname="OptionsParserTest" time="0.003"/>
  <testcase name="testConvertWithNoValidDirections()" classname="OptionsParserTest" time="0.001"/>
  <testcase name="testConvert()" classname="OptionsParserTest" time="0.001"/>
  <system-out><![CDATA[]]></system-out>
  <system-err><![CDATA[]]></system-err>
</testsuite>
