<?xml version="1.0" encoding="UTF-8"?>
<testsuite name="agh.ics.oop.model.RectangularMapTest" tests="4" skipped="0" failures="0" errors="0" timestamp="2023-11-27T14:18:31" hostname="archlinux" time="0.019">
  <properties/>
  <testcase name="moveAndObjectAt()" classname="agh.ics.oop.model.RectangularMapTest" time="0.01"/>
  <testcase name="canMoveTo()" classname="agh.ics.oop.model.RectangularMapTest" time="0.001"/>
  <testcase name="isOccupied()" classname="agh.ics.oop.model.RectangularMapTest" time="0.001"/>
  <testcase name="place()" classname="agh.ics.oop.model.RectangularMapTest" time="0.002"/>
  <system-out><![CDATA[]]></system-out>
  <system-err><![CDATA[]]></system-err>
</testsuite>
