<?xml version="1.0" encoding="UTF-8"?>
<testsuite name="agh.ics.oop.model.GrassFieldTest" tests="5" skipped="0" failures="0" errors="0" timestamp="2023-11-27T14:18:31" hostname="archlinux" time="0.074">
  <properties/>
  <testcase name="placeGrassTest()" classname="agh.ics.oop.model.GrassFieldTest" time="0.059"/>
  <testcase name="ObjectAtTest()" classname="agh.ics.oop.model.GrassFieldTest" time="0.001"/>
  <testcase name="isOccupiedTest()" classname="agh.ics.oop.model.GrassFieldTest" time="0.001"/>
  <testcase name="moveTest()" classname="agh.ics.oop.model.GrassFieldTest" time="0.0"/>
  <testcase name="placeTest()" classname="agh.ics.oop.model.GrassFieldTest" time="0.01"/>
  <system-out><![CDATA[]]></system-out>
  <system-err><![CDATA[]]></system-err>
</testsuite>
