<?xml version="1.0" encoding="UTF-8"?>
<testsuite name="MapDirectionTest" tests="2" skipped="0" failures="0" errors="0" timestamp="2023-11-27T14:18:30" hostname="archlinux" time="0.018">
  <properties/>
  <testcase name="testNext()" classname="MapDirectionTest" time="0.016"/>
  <testcase name="testPrevious()" classname="MapDirectionTest" time="0.0"/>
  <system-out><![CDATA[]]></system-out>
  <system-err><![CDATA[]]></system-err>
</testsuite>
