<?xml version="1.0" encoding="UTF-8"?>
<testsuite name="agh.ics.oop.model.AnimalTest" tests="4" skipped="0" failures="0" errors="0" timestamp="2023-11-27T14:18:31" hostname="archlinux" time="0.019">
  <properties/>
  <testcase name="testOrientationLeft()" classname="agh.ics.oop.model.AnimalTest" time="0.011"/>
  <testcase name="testOrientationRight()" classname="agh.ics.oop.model.AnimalTest" time="0.001"/>
  <testcase name="testBounds()" classname="agh.ics.oop.model.AnimalTest" time="0.0"/>
  <testcase name="testMoving()" classname="agh.ics.oop.model.AnimalTest" time="0.0"/>
  <system-out><![CDATA[]]></system-out>
  <system-err><![CDATA[]]></system-err>
</testsuite>
