<?xml version="1.0" encoding="UTF-8"?>
<testsuite name="Vector2dTest" tests="9" skipped="0" failures="0" errors="0" timestamp="2023-11-27T14:18:30" hostname="archlinux" time="0.044">
  <properties/>
  <testcase name="testAdd()" classname="Vector2dTest" time="0.001"/>
  <testcase name="testSubtract()" classname="Vector2dTest" time="0.001"/>
  <testcase name="testFollows()" classname="Vector2dTest" time="0.001"/>
  <testcase name="testToString()" classname="Vector2dTest" time="0.005"/>
  <testcase name="testPrecedes()" classname="Vector2dTest" time="0.009"/>
  <testcase name="testLowerLeft()" classname="Vector2dTest" time="0.001"/>
  <testcase name="testOpposite()" classname="Vector2dTest" time="0.0"/>
  <testcase name="testEquals()" classname="Vector2dTest" time="0.001"/>
  <testcase name="testUpperRight()" classname="Vector2dTest" time="0.002"/>
  <system-out><![CDATA[]]></system-out>
  <system-err><![CDATA[]]></system-err>
</testsuite>
