<?xml version="1.0" encoding="UTF-8"?>
<testsuite name="agh.ics.oop.SimulationTest" tests="3" skipped="0" failures="0" errors="0" timestamp="2023-11-27T14:18:31" hostname="archlinux" time="0.011">
  <properties/>
  <testcase name="testSimulation1()" classname="agh.ics.oop.SimulationTest" time="0.006"/>
  <testcase name="testSimulation2()" classname="agh.ics.oop.SimulationTest" time="0.0"/>
  <testcase name="testInvalidInput1()" classname="agh.ics.oop.SimulationTest" time="0.003"/>
  <system-out><![CDATA[already occupied
already occupied
]]></system-out>
  <system-err><![CDATA[]]></system-err>
</testsuite>
